TN:
SF:src/core/UniswapV2Factory.sol
FN:22,UniswapV2Factory.createPair
FNDA:16,UniswapV2Factory.createPair
DA:23,16
BRDA:23,0,0,1
BRDA:23,0,1,15
DA:24,15
DA:25,15
BRDA:25,1,0,1
BRDA:25,1,1,14
DA:26,14
BRDA:26,2,0,-
BRDA:26,2,1,14
DA:27,14
DA:28,14
DA:30,14
DA:32,14
DA:33,14
DA:34,14
DA:35,14
DA:36,14
FNF:1
FNH:1
LF:12
LH:12
BRF:6
BRH:5
end_of_record
TN:
SF:src/core/UniswapV2Pair.sol
FN:45,UniswapV2Pair.getReserves
FNDA:40,UniswapV2Pair.getReserves
DA:54,105
FN:62,UniswapV2Pair._safeTransfer
FNDA:27,UniswapV2Pair._safeTransfer
DA:63,27
DA:64,27
DA:65,27
DA:66,27
BRDA:66,0,0,-
BRDA:66,0,1,27
FN:87,UniswapV2Pair.initialize
FNDA:14,UniswapV2Pair.initialize
DA:91,14
DA:92,14
FN:96,UniswapV2Pair._update
FNDA:59,UniswapV2Pair._update
DA:97,59
BRDA:97,1,0,-
BRDA:97,1,1,59
DA:101,59
DA:102,59
DA:103,59
BRDA:103,2,0,7
BRDA:103,2,1,59
DA:105,7
DA:106,7
DA:108,59
DA:109,59
DA:110,59
DA:111,59
FN:114,UniswapV2Pair.update
FNDA:0,UniswapV2Pair.update
DA:115,0
FN:123,UniswapV2Pair.mint
FNDA:38,UniswapV2Pair.mint
DA:124,38
DA:125,38
DA:126,38
DA:127,38
DA:128,38
DA:133,38
BRDA:133,3,0,31
BRDA:133,3,1,7
DA:134,31
DA:135,30
DA:137,7
DA:139,37
BRDA:139,4,0,1
BRDA:139,4,1,36
DA:140,36
DA:142,36
DA:144,36
FN:148,UniswapV2Pair.burn
FNDA:10,UniswapV2Pair.burn
DA:151,10
DA:152,10
DA:153,10
DA:157,10
DA:158,9
DA:159,9
BRDA:159,5,0,1
BRDA:159,5,1,8
DA:160,8
DA:161,8
DA:162,8
DA:163,8
DA:164,8
DA:165,8
DA:166,8
DA:168,8
FN:178,UniswapV2Pair.swap
FNDA:13,UniswapV2Pair.swap
DA:179,13
BRDA:179,6,0,1
BRDA:179,6,1,12
DA:180,12
DA:181,12
BRDA:181,7,0,2
BRDA:181,7,1,10
DA:183,10
DA:184,10
DA:189,10
BRDA:189,8,0,4
BRDA:189,8,1,10
DA:190,10
BRDA:190,9,0,7
BRDA:190,9,1,10
DA:191,10
BRDA:191,10,0,-
BRDA:191,10,1,-
DA:192,10
DA:193,10
DA:195,10
DA:196,10
DA:197,10
BRDA:197,11,0,-
BRDA:197,11,1,10
DA:199,10
DA:200,10
DA:201,10
BRDA:201,12,0,2
BRDA:201,12,1,8
DA:204,8
DA:205,8
FN:209,UniswapV2Pair.skim
FNDA:0,UniswapV2Pair.skim
DA:210,0
DA:211,0
DA:212,0
DA:213,0
FN:217,UniswapV2Pair.sync
FNDA:7,UniswapV2Pair.sync
DA:218,7
DA:219,7
FNF:10
FNH:8
LF:69
LH:64
BRF:26
BRH:21
end_of_record
TN:
SF:src/core/libraries/Math.sol
FN:7,Math.min
FNDA:0,Math.min
DA:8,0
FN:12,Math.sqrt
FNDA:0,Math.sqrt
DA:13,0
BRDA:13,0,0,-
BRDA:13,0,1,-
DA:14,0
DA:15,0
DA:16,0
DA:17,0
DA:18,0
DA:20,0
BRDA:20,1,0,-
BRDA:20,1,1,-
DA:21,0
FNF:2
FNH:0
LF:9
LH:0
BRF:4
BRH:0
end_of_record
TN:
SF:src/core/libraries/UQ112x112.sol
FN:13,UQ112x112.encode
FNDA:0,UQ112x112.encode
DA:14,0
FN:18,UQ112x112.uqdiv
FNDA:0,UQ112x112.uqdiv
DA:19,0
FNF:2
FNH:0
LF:2
LH:0
BRF:0
BRH:0
end_of_record
TN:
SF:src/core/test/MyERC20.sol
FN:14,MyERC20.mint
FNDA:0,MyERC20.mint
DA:15,0
FNF:1
FNH:0
LF:1
LH:0
BRF:0
BRH:0
end_of_record
TN:
SF:src/core/test/UniswapV2Pair.t.sol
FN:461,TestingContract.provideLiquidity
FNDA:1,TestingContract.provideLiquidity
DA:468,1
DA:469,1
DA:471,1
FN:474,TestingContract.removeLiquidity
FNDA:1,TestingContract.removeLiquidity
DA:475,1
DA:476,1
DA:477,1
FN:482,TestingContract.removeLiquidityFromPair
FNDA:0,TestingContract.removeLiquidityFromPair
DA:483,0
DA:485,0
DA:486,0
FNF:3
FNH:2
LF:9
LH:6
BRF:0
BRH:0
end_of_record
TN:
SF:src/periphery/UniswapV2Router02.sol
FN:20,UniswapV2Router02.addLiquidity
FNDA:13,UniswapV2Router02.addLiquidity
DA:36,13
BRDA:36,0,0,-
BRDA:36,0,1,9
DA:37,9
DA:40,13
DA:48,11
DA:53,11
DA:54,11
DA:55,11
FN:58,UniswapV2Router02.removeLiquidity
FNDA:4,UniswapV2Router02.removeLiquidity
DA:66,4
DA:71,4
DA:72,4
DA:73,4
BRDA:73,1,0,1
BRDA:73,1,1,3
DA:74,3
BRDA:74,2,0,1
BRDA:74,2,1,2
FN:78,UniswapV2Router02.swapExactTokensForTokens
FNDA:1,UniswapV2Router02.swapExactTokensForTokens
DA:84,1
DA:89,1
BRDA:89,3,0,-
BRDA:89,3,1,1
DA:91,1
DA:97,1
FN:100,UniswapV2Router02.swapTokensForExactTokens
FNDA:1,UniswapV2Router02.swapTokensForExactTokens
DA:106,1
DA:111,1
BRDA:111,4,0,-
BRDA:111,4,1,1
DA:113,1
DA:119,1
FN:122,UniswapV2Router02._swap
FNDA:2,UniswapV2Router02._swap
DA:127,2
DA:128,4
DA:129,4
DA:130,4
DA:131,4
DA:134,4
DA:141,4
FN:147,UniswapV2Router02._calculateLiquidity
FNDA:13,UniswapV2Router02._calculateLiquidity
DA:155,13
DA:161,13
BRDA:161,5,0,9
BRDA:161,5,1,4
DA:162,9
DA:164,4
DA:169,4
BRDA:169,6,0,1
BRDA:169,6,1,1
DA:170,2
BRDA:170,7,0,1
BRDA:170,7,1,1
DA:172,1
DA:174,2
DA:179,2
BRDA:179,8,0,-
BRDA:179,8,1,2
DA:181,2
BRDA:181,9,0,1
BRDA:181,9,1,1
DA:183,1
FN:188,UniswapV2Router02._safeTransferFrom
FNDA:24,UniswapV2Router02._safeTransferFrom
DA:194,24
DA:202,24
BRDA:202,10,0,-
BRDA:202,10,1,24
FNF:7
FNH:7
LF:40
LH:40
BRF:22
BRH:17
end_of_record
TN:
SF:src/periphery/libraries/SafeMath.sol
FN:6,SafeMath.add
FNDA:0,SafeMath.add
DA:7,0
BRDA:7,0,0,-
BRDA:7,0,1,-
FN:10,SafeMath.sub
FNDA:0,SafeMath.sub
DA:11,0
BRDA:11,1,0,-
BRDA:11,1,1,-
FN:14,SafeMath.mul
FNDA:0,SafeMath.mul
DA:15,0
BRDA:15,2,0,-
BRDA:15,2,1,-
FNF:3
FNH:0
LF:3
LH:0
BRF:6
BRH:0
end_of_record
TN:
SF:src/periphery/libraries/UniswapV2Library.sol
FN:15,UniswapV2Helper.getReserves
FNDA:13,UniswapV2Helper.getReserves
DA:16,17
DA:17,17
DA:20,17
FN:27,UniswapV2Helper.quote
FNDA:6,UniswapV2Helper.quote
DA:28,6
BRDA:28,0,0,-
BRDA:28,0,1,6
DA:29,6
BRDA:29,1,0,-
BRDA:29,1,1,6
DA:31,6
FN:36,UniswapV2Helper.sortTokens
FNDA:61,UniswapV2Helper.sortTokens
DA:38,61
FN:42,UniswapV2Helper.pairFor
FNDA:40,UniswapV2Helper.pairFor
DA:43,40
DA:44,40
FN:59,UniswapV2Helper.getAmountOut
FNDA:0,UniswapV2Helper.getAmountOut
DA:60,2
BRDA:60,2,0,-
BRDA:60,2,1,2
DA:61,2
BRDA:61,3,0,-
BRDA:61,3,1,2
DA:63,2
DA:64,2
DA:65,2
DA:67,2
FN:72,UniswapV2Helper.getAmountsOut
FNDA:1,UniswapV2Helper.getAmountsOut
DA:73,1
BRDA:73,4,0,-
BRDA:73,4,1,1
DA:74,1
DA:75,1
DA:77,1
DA:78,2
DA:83,2
DA:86,1
FN:91,UniswapV2Helper.getAmountIn
FNDA:0,UniswapV2Helper.getAmountIn
DA:92,2
BRDA:92,5,0,-
BRDA:92,5,1,2
DA:93,2
BRDA:93,6,0,-
BRDA:93,6,1,2
DA:95,2
DA:96,2
DA:98,2
FN:103,UniswapV2Helper.getAmountsIn
FNDA:1,UniswapV2Helper.getAmountsIn
DA:104,1
BRDA:104,7,0,-
BRDA:104,7,1,1
DA:105,1
DA:106,1
DA:108,1
DA:109,2
DA:114,2
DA:117,1
FNF:8
FNH:6
LF:34
LH:34
BRF:16
BRH:8
end_of_record
